<?xml version="1.0" encoding="UTF-8"?>
<!-- Generated by org.testng.reporters.JUnitXMLReporter -->
<testsuite ignored="0" hostname="Thuy" failures="0" tests="5" name="CEG" time="82.595" errors="0" timestamp="2024-09-11T10:54:55 ICT">
  <testcase classname="selenium.com.testcases.LoginTestV1" name="emptyUsernameTest" time="12.298"/>
  <testcase classname="selenium.com.testcases.LoginTestV1" name="emptyPasswordTest" time="6.235"/>
  <testcase classname="selenium.com.testcases.LoginTestV1" name="loginSuccessfulTest" time="5.866"/>
  <testcase classname="selenium.com.testcases.LoginTestV1" name="usernameNonExistTest" time="5.517"/>
  <testcase classname="selenium.com.testcases.LoginTestV1" name="wrongPasswordTest" time="5.674"/>
</testsuite> <!-- CEG -->
