<?xml version="1.0" encoding="UTF-8"?>
<!-- Generated by org.testng.reporters.JUnitXMLReporter -->
<testsuite ignored="0" hostname="Thuy" failures="0" tests="8" name="sample test" time="104.121" errors="0" timestamp="2024-09-09T13:22:28 ICT">
  <testcase classname="selenium.com.testcases.BuyNowTest" name="buy2Pay1Test" time="4.041"/>
  <testcase classname="selenium.com.testcases.BuyNowTest" name="buy3Pay2Test" time="4.058"/>
  <testcase classname="selenium.com.testcases.BuyNowTest" name="buy2Pay1LessThan2Test" time="3.83"/>
  <testcase classname="selenium.com.testcases.BuyNowTest" name="buy3Pay2LessThan3Test" time="3.901"/>
  <testcase classname="selenium.com.testcases.BuyNowTest" name="noPromotionTest" time="3.171"/>
  <testcase classname="selenium.com.testcases.NonLoyalLoginTest" name="nonLoyalBuy2Pay1Test" time="3.946"/>
  <testcase classname="selenium.com.testcases.NonLoyalLoginTest" name="nonLoyalBuy3Pay2Test" time="3.994"/>
  <testcase classname="selenium.com.testcases.NonLoyalLoginTest" name="nonLoyalNoPromotionTest" time="2.756"/>
</testsuite> <!-- sample test -->
