<?xml version="1.0" encoding="UTF-8"?>
<testng-results ignored="0" total="5" passed="5" failed="0" skipped="0">
  <reporter-output>
  </reporter-output>
  <suite started-at="2024-09-11T10:53:33 ICT" name="Default Suite" finished-at="2024-09-11T10:54:55 ICT" duration-ms="82595">
    <groups>
    </groups>
    <test started-at="2024-09-11T10:53:33 ICT" name="CEG" finished-at="2024-09-11T10:54:55 ICT" duration-ms="82595">
      <class name="selenium.com.testcases.LoginTestV1">
        <test-method is-config="true" signature="createBrowser(java.lang.String)[pri:0, instance:selenium.com.testcases.LoginTestV1@3eb77ea8]" started-at="2024-09-11T10:53:33 ICT" name="createBrowser" finished-at="2024-09-11T10:53:40 ICT" duration-ms="6806" status="PASS">
          <params>
            <param index="0">
              <value>
                <![CDATA[chrome]]>
              </value>
            </param>
          </params>
          <reporter-output>
          </reporter-output>
        </test-method> <!-- createBrowser -->
        <test-method is-config="true" signature="setUp()[pri:0, instance:selenium.com.testcases.LoginTestV1@3eb77ea8]" started-at="2024-09-11T10:53:40 ICT" name="setUp" finished-at="2024-09-11T10:53:40 ICT" duration-ms="8" status="PASS">
          <reporter-output>
          </reporter-output>
        </test-method> <!-- setUp -->
        <test-method signature="emptyUsernameTest()[pri:1, instance:selenium.com.testcases.LoginTestV1@3eb77ea8]" started-at="2024-09-11T10:53:40 ICT" name="emptyUsernameTest" finished-at="2024-09-11T10:53:52 ICT" duration-ms="12298" status="PASS">
          <reporter-output>
          </reporter-output>
        </test-method> <!-- emptyUsernameTest -->
        <test-method is-config="true" signature="tearDown()[pri:0, instance:selenium.com.testcases.LoginTestV1@3eb77ea8]" started-at="2024-09-11T10:53:52 ICT" name="tearDown" finished-at="2024-09-11T10:53:57 ICT" duration-ms="5014" status="PASS">
          <reporter-output>
          </reporter-output>
        </test-method> <!-- tearDown -->
        <test-method is-config="true" signature="closeBrowser()[pri:0, instance:selenium.com.testcases.LoginTestV1@3eb77ea8]" started-at="2024-09-11T10:53:57 ICT" name="closeBrowser" finished-at="2024-09-11T10:53:58 ICT" duration-ms="614" status="PASS">
          <reporter-output>
          </reporter-output>
        </test-method> <!-- closeBrowser -->
        <test-method is-config="true" signature="createBrowser(java.lang.String)[pri:0, instance:selenium.com.testcases.LoginTestV1@3eb77ea8]" started-at="2024-09-11T10:53:58 ICT" name="createBrowser" finished-at="2024-09-11T10:54:00 ICT" duration-ms="1944" status="PASS">
          <params>
            <param index="0">
              <value>
                <![CDATA[chrome]]>
              </value>
            </param>
          </params>
          <reporter-output>
          </reporter-output>
        </test-method> <!-- createBrowser -->
        <test-method is-config="true" signature="setUp()[pri:0, instance:selenium.com.testcases.LoginTestV1@3eb77ea8]" started-at="2024-09-11T10:54:00 ICT" name="setUp" finished-at="2024-09-11T10:54:00 ICT" duration-ms="5" status="PASS">
          <reporter-output>
          </reporter-output>
        </test-method> <!-- setUp -->
        <test-method signature="emptyPasswordTest()[pri:2, instance:selenium.com.testcases.LoginTestV1@3eb77ea8]" started-at="2024-09-11T10:54:00 ICT" name="emptyPasswordTest" finished-at="2024-09-11T10:54:06 ICT" duration-ms="6235" status="PASS">
          <reporter-output>
          </reporter-output>
        </test-method> <!-- emptyPasswordTest -->
        <test-method is-config="true" signature="tearDown()[pri:0, instance:selenium.com.testcases.LoginTestV1@3eb77ea8]" started-at="2024-09-11T10:54:06 ICT" name="tearDown" finished-at="2024-09-11T10:54:11 ICT" duration-ms="5004" status="PASS">
          <reporter-output>
          </reporter-output>
        </test-method> <!-- tearDown -->
        <test-method is-config="true" signature="closeBrowser()[pri:0, instance:selenium.com.testcases.LoginTestV1@3eb77ea8]" started-at="2024-09-11T10:54:11 ICT" name="closeBrowser" finished-at="2024-09-11T10:54:11 ICT" duration-ms="627" status="PASS">
          <reporter-output>
          </reporter-output>
        </test-method> <!-- closeBrowser -->
        <test-method is-config="true" signature="createBrowser(java.lang.String)[pri:0, instance:selenium.com.testcases.LoginTestV1@3eb77ea8]" started-at="2024-09-11T10:54:11 ICT" name="createBrowser" finished-at="2024-09-11T10:54:13 ICT" duration-ms="1582" status="PASS">
          <params>
            <param index="0">
              <value>
                <![CDATA[chrome]]>
              </value>
            </param>
          </params>
          <reporter-output>
          </reporter-output>
        </test-method> <!-- createBrowser -->
        <test-method is-config="true" signature="setUp()[pri:0, instance:selenium.com.testcases.LoginTestV1@3eb77ea8]" started-at="2024-09-11T10:54:13 ICT" name="setUp" finished-at="2024-09-11T10:54:13 ICT" duration-ms="7" status="PASS">
          <reporter-output>
          </reporter-output>
        </test-method> <!-- setUp -->
        <test-method signature="loginSuccessfulTest()[pri:3, instance:selenium.com.testcases.LoginTestV1@3eb77ea8]" started-at="2024-09-11T10:54:13 ICT" name="loginSuccessfulTest" finished-at="2024-09-11T10:54:19 ICT" duration-ms="5866" status="PASS">
          <reporter-output>
          </reporter-output>
        </test-method> <!-- loginSuccessfulTest -->
        <test-method is-config="true" signature="tearDown()[pri:0, instance:selenium.com.testcases.LoginTestV1@3eb77ea8]" started-at="2024-09-11T10:54:19 ICT" name="tearDown" finished-at="2024-09-11T10:54:24 ICT" duration-ms="5015" status="PASS">
          <reporter-output>
          </reporter-output>
        </test-method> <!-- tearDown -->
        <test-method is-config="true" signature="closeBrowser()[pri:0, instance:selenium.com.testcases.LoginTestV1@3eb77ea8]" started-at="2024-09-11T10:54:24 ICT" name="closeBrowser" finished-at="2024-09-11T10:54:24 ICT" duration-ms="544" status="PASS">
          <reporter-output>
          </reporter-output>
        </test-method> <!-- closeBrowser -->
        <test-method is-config="true" signature="createBrowser(java.lang.String)[pri:0, instance:selenium.com.testcases.LoginTestV1@3eb77ea8]" started-at="2024-09-11T10:54:24 ICT" name="createBrowser" finished-at="2024-09-11T10:54:31 ICT" duration-ms="6888" status="PASS">
          <params>
            <param index="0">
              <value>
                <![CDATA[chrome]]>
              </value>
            </param>
          </params>
          <reporter-output>
          </reporter-output>
        </test-method> <!-- createBrowser -->
        <test-method is-config="true" signature="setUp()[pri:0, instance:selenium.com.testcases.LoginTestV1@3eb77ea8]" started-at="2024-09-11T10:54:31 ICT" name="setUp" finished-at="2024-09-11T10:54:31 ICT" duration-ms="4" status="PASS">
          <reporter-output>
          </reporter-output>
        </test-method> <!-- setUp -->
        <test-method signature="usernameNonExistTest()[pri:3, instance:selenium.com.testcases.LoginTestV1@3eb77ea8]" started-at="2024-09-11T10:54:31 ICT" name="usernameNonExistTest" finished-at="2024-09-11T10:54:37 ICT" duration-ms="5517" status="PASS">
          <reporter-output>
          </reporter-output>
        </test-method> <!-- usernameNonExistTest -->
        <test-method is-config="true" signature="tearDown()[pri:0, instance:selenium.com.testcases.LoginTestV1@3eb77ea8]" started-at="2024-09-11T10:54:37 ICT" name="tearDown" finished-at="2024-09-11T10:54:42 ICT" duration-ms="5015" status="PASS">
          <reporter-output>
          </reporter-output>
        </test-method> <!-- tearDown -->
        <test-method is-config="true" signature="closeBrowser()[pri:0, instance:selenium.com.testcases.LoginTestV1@3eb77ea8]" started-at="2024-09-11T10:54:42 ICT" name="closeBrowser" finished-at="2024-09-11T10:54:42 ICT" duration-ms="571" status="PASS">
          <reporter-output>
          </reporter-output>
        </test-method> <!-- closeBrowser -->
        <test-method is-config="true" signature="createBrowser(java.lang.String)[pri:0, instance:selenium.com.testcases.LoginTestV1@3eb77ea8]" started-at="2024-09-11T10:54:42 ICT" name="createBrowser" finished-at="2024-09-11T10:54:44 ICT" duration-ms="1683" status="PASS">
          <params>
            <param index="0">
              <value>
                <![CDATA[chrome]]>
              </value>
            </param>
          </params>
          <reporter-output>
          </reporter-output>
        </test-method> <!-- createBrowser -->
        <test-method signature="wrongPasswordTest()[pri:4, instance:selenium.com.testcases.LoginTestV1@3eb77ea8]" started-at="2024-09-11T10:54:44 ICT" name="wrongPasswordTest" finished-at="2024-09-11T10:54:50 ICT" duration-ms="5674" status="PASS">
          <reporter-output>
          </reporter-output>
        </test-method> <!-- wrongPasswordTest -->
        <test-method is-config="true" signature="setUp()[pri:0, instance:selenium.com.testcases.LoginTestV1@3eb77ea8]" started-at="2024-09-11T10:54:44 ICT" name="setUp" finished-at="2024-09-11T10:54:44 ICT" duration-ms="0" status="PASS">
          <reporter-output>
          </reporter-output>
        </test-method> <!-- setUp -->
        <test-method is-config="true" signature="tearDown()[pri:0, instance:selenium.com.testcases.LoginTestV1@3eb77ea8]" started-at="2024-09-11T10:54:50 ICT" name="tearDown" finished-at="2024-09-11T10:54:55 ICT" duration-ms="5014" status="PASS">
          <reporter-output>
          </reporter-output>
        </test-method> <!-- tearDown -->
        <test-method is-config="true" signature="closeBrowser()[pri:0, instance:selenium.com.testcases.LoginTestV1@3eb77ea8]" started-at="2024-09-11T10:54:55 ICT" name="closeBrowser" finished-at="2024-09-11T10:54:55 ICT" duration-ms="569" status="PASS">
          <reporter-output>
          </reporter-output>
        </test-method> <!-- closeBrowser -->
      </class> <!-- selenium.com.testcases.LoginTestV1 -->
    </test> <!-- CEG -->
  </suite> <!-- Default Suite -->
</testng-results>
